2016-09-29 17:59:44,360 [Worker-138] INFO  o.e.m.c.i.p.ProjectConfigurationManager - Update started
2016-09-29 17:59:46,435 [Worker-138] INFO  o.e.m.c.i.l.LifecycleMappingFactory - Using org.eclipse.m2e.jdt.JarLifecycleMapping lifecycle mapping for MavenProject: org.ita:banco-dados:1.0-SNAPSHOT @ C:\Users\taina\Documents\Git\coursera\Programação java e desenvolvimento ágil\c3 - Desenvolvimento agil com java avançado\UilianRies-BancoDados.zip_expanded\pom.xml.
2016-09-29 17:59:49,866 [Worker-138] INFO  o.e.m.c.i.e.AbstractTransferListenerAdapter - Downloading https://repo.maven.apache.org/maven2/org/dbunit/dbunit/2.4.9/dbunit-2.4.9.pom
2016-09-29 17:59:51,172 [Worker-138] INFO  o.e.m.c.i.e.AbstractTransferListenerAdapter - Downloaded https://repo.maven.apache.org/maven2/org/dbunit/dbunit/2.4.9/dbunit-2.4.9.pom
2016-09-29 17:59:51,543 [Worker-138] INFO  o.e.m.c.i.e.AbstractTransferListenerAdapter - Downloading https://repo.maven.apache.org/maven2/commons-collections/commons-collections/3.2.1/commons-collections-3.2.1.pom
2016-09-29 17:59:52,072 [Worker-138] INFO  o.e.m.c.i.e.AbstractTransferListenerAdapter - Downloaded https://repo.maven.apache.org/maven2/commons-collections/commons-collections/3.2.1/commons-collections-3.2.1.pom
2016-09-29 17:59:52,442 [Worker-138] INFO  o.e.m.c.i.e.AbstractTransferListenerAdapter - Downloading https://repo.maven.apache.org/maven2/org/apache/commons/commons-parent/9/commons-parent-9.pom
2016-09-29 17:59:53,187 [Worker-138] INFO  o.e.m.c.i.e.AbstractTransferListenerAdapter - Downloaded https://repo.maven.apache.org/maven2/org/apache/commons/commons-parent/9/commons-parent-9.pom
2016-09-29 17:59:53,780 [Worker-138] INFO  o.e.m.c.i.e.AbstractTransferListenerAdapter - Downloading https://repo.maven.apache.org/maven2/junit/junit/4.12/junit-4.12.pom
2016-09-29 17:59:56,353 [Worker-138] INFO  o.e.m.c.i.e.AbstractTransferListenerAdapter - Downloaded https://repo.maven.apache.org/maven2/junit/junit/4.12/junit-4.12.pom
2016-09-29 17:59:57,011 [Worker-138] INFO  o.e.m.c.i.e.AbstractTransferListenerAdapter - Downloading https://repo.maven.apache.org/maven2/org/hamcrest/hamcrest-core/1.3/hamcrest-core-1.3.pom
2016-09-29 17:59:57,611 [Worker-138] INFO  o.e.m.c.i.e.AbstractTransferListenerAdapter - Downloaded https://repo.maven.apache.org/maven2/org/hamcrest/hamcrest-core/1.3/hamcrest-core-1.3.pom
2016-09-29 17:59:58,270 [Worker-138] INFO  o.e.m.c.i.e.AbstractTransferListenerAdapter - Downloading https://repo.maven.apache.org/maven2/org/hamcrest/hamcrest-parent/1.3/hamcrest-parent-1.3.pom
2016-09-29 17:59:58,794 [Worker-138] INFO  o.e.m.c.i.e.AbstractTransferListenerAdapter - Downloaded https://repo.maven.apache.org/maven2/org/hamcrest/hamcrest-parent/1.3/hamcrest-parent-1.3.pom
2016-09-29 17:59:59,377 [Worker-138] INFO  o.e.m.c.i.e.AbstractTransferListenerAdapter - Downloading https://repo.maven.apache.org/maven2/org/xerial/sqlite-jdbc/3.14.2/sqlite-jdbc-3.14.2.pom
2016-09-29 18:00:00,018 [Worker-138] INFO  o.e.m.c.i.e.AbstractTransferListenerAdapter - Downloaded https://repo.maven.apache.org/maven2/org/xerial/sqlite-jdbc/3.14.2/sqlite-jdbc-3.14.2.pom
2016-09-29 18:00:00,577 [Worker-138] INFO  o.e.m.c.i.e.AbstractTransferListenerAdapter - Downloading https://repo.maven.apache.org/maven2/org/sonatype/oss/oss-parent/9/oss-parent-9.pom
2016-09-29 18:00:01,164 [Worker-138] INFO  o.e.m.c.i.e.AbstractTransferListenerAdapter - Downloaded https://repo.maven.apache.org/maven2/org/sonatype/oss/oss-parent/9/oss-parent-9.pom
2016-09-29 18:00:01,530 [Worker-138] INFO  o.e.m.c.i.e.AbstractTransferListenerAdapter - Downloading https://repo.maven.apache.org/maven2/org/slf4j/slf4j-log4j12/1.5.2/slf4j-log4j12-1.5.2.pom
2016-09-29 18:00:01,798 [Worker-138] INFO  o.e.m.c.i.e.AbstractTransferListenerAdapter - Downloaded https://repo.maven.apache.org/maven2/org/slf4j/slf4j-log4j12/1.5.2/slf4j-log4j12-1.5.2.pom
2016-09-29 18:00:03,938 [Worker-138] INFO  o.e.m.c.i.e.AbstractTransferListenerAdapter - Downloading https://repo.maven.apache.org/maven2/org/slf4j/slf4j-parent/1.5.2/slf4j-parent-1.5.2.pom
2016-09-29 18:00:05,626 [Worker-138] INFO  o.e.m.c.i.e.AbstractTransferListenerAdapter - Downloaded https://repo.maven.apache.org/maven2/org/slf4j/slf4j-parent/1.5.2/slf4j-parent-1.5.2.pom
2016-09-29 18:00:07,732 [Worker-138] INFO  o.e.m.c.i.e.AbstractTransferListenerAdapter - Downloading https://repo.maven.apache.org/maven2/org/slf4j/slf4j-api/1.5.2/slf4j-api-1.5.2.pom
2016-09-29 18:00:08,262 [Worker-138] INFO  o.e.m.c.i.e.AbstractTransferListenerAdapter - Downloaded https://repo.maven.apache.org/maven2/org/slf4j/slf4j-api/1.5.2/slf4j-api-1.5.2.pom
2016-09-29 18:00:08,860 [Worker-138] INFO  o.e.m.c.i.e.AbstractTransferListenerAdapter - Downloading https://repo.maven.apache.org/maven2/log4j/log4j/1.2.14/log4j-1.2.14.pom
2016-09-29 18:00:09,508 [Worker-138] INFO  o.e.m.c.i.e.AbstractTransferListenerAdapter - Downloaded https://repo.maven.apache.org/maven2/log4j/log4j/1.2.14/log4j-1.2.14.pom
2016-09-29 18:00:10,276 [Worker-138] INFO  o.e.m.c.i.e.AbstractTransferListenerAdapter - Downloading https://repo.maven.apache.org/maven2/org/dbunit/dbunit/2.4.9/dbunit-2.4.9.jar
2016-09-29 18:00:30,273 [Worker-138] INFO  o.e.m.c.i.e.AbstractTransferListenerAdapter - Downloaded https://repo.maven.apache.org/maven2/org/dbunit/dbunit/2.4.9/dbunit-2.4.9.jar
2016-09-29 18:00:30,641 [Worker-138] INFO  o.e.m.c.i.e.AbstractTransferListenerAdapter - Downloading https://repo.maven.apache.org/maven2/commons-collections/commons-collections/3.2.1/commons-collections-3.2.1.jar
2016-09-29 18:00:50,841 [Worker-138] INFO  o.e.m.c.i.e.AbstractTransferListenerAdapter - Downloaded https://repo.maven.apache.org/maven2/commons-collections/commons-collections/3.2.1/commons-collections-3.2.1.jar
2016-09-29 18:00:51,437 [Worker-138] INFO  o.e.m.c.i.e.AbstractTransferListenerAdapter - Downloading https://repo.maven.apache.org/maven2/junit/junit/4.12/junit-4.12.jar
2016-09-29 18:01:03,653 [Worker-138] INFO  o.e.m.c.i.e.AbstractTransferListenerAdapter - Downloaded https://repo.maven.apache.org/maven2/junit/junit/4.12/junit-4.12.jar
2016-09-29 18:01:04,343 [Worker-138] INFO  o.e.m.c.i.e.AbstractTransferListenerAdapter - Downloading https://repo.maven.apache.org/maven2/org/hamcrest/hamcrest-core/1.3/hamcrest-core-1.3.jar
2016-09-29 18:01:06,558 [Worker-138] INFO  o.e.m.c.i.e.AbstractTransferListenerAdapter - Downloaded https://repo.maven.apache.org/maven2/org/hamcrest/hamcrest-core/1.3/hamcrest-core-1.3.jar
2016-09-29 18:01:07,253 [Worker-138] INFO  o.e.m.c.i.e.AbstractTransferListenerAdapter - Downloading https://repo.maven.apache.org/maven2/org/xerial/sqlite-jdbc/3.14.2/sqlite-jdbc-3.14.2.jar
2016-09-29 18:03:57,158 [Worker-138] INFO  o.e.m.c.i.e.AbstractTransferListenerAdapter - Downloaded https://repo.maven.apache.org/maven2/org/xerial/sqlite-jdbc/3.14.2/sqlite-jdbc-3.14.2.jar
2016-09-29 18:03:57,748 [Worker-138] INFO  o.e.m.c.i.e.AbstractTransferListenerAdapter - Downloading https://repo.maven.apache.org/maven2/org/slf4j/slf4j-log4j12/1.5.2/slf4j-log4j12-1.5.2.jar
2016-09-29 18:03:58,454 [Worker-138] INFO  o.e.m.c.i.e.AbstractTransferListenerAdapter - Downloaded https://repo.maven.apache.org/maven2/org/slf4j/slf4j-log4j12/1.5.2/slf4j-log4j12-1.5.2.jar
2016-09-29 18:03:59,127 [Worker-138] INFO  o.e.m.c.i.e.AbstractTransferListenerAdapter - Downloading https://repo.maven.apache.org/maven2/log4j/log4j/1.2.14/log4j-1.2.14.jar
2016-09-29 18:04:14,311 [Worker-138] INFO  o.e.m.c.i.e.AbstractTransferListenerAdapter - Downloaded https://repo.maven.apache.org/maven2/log4j/log4j/1.2.14/log4j-1.2.14.jar
2016-09-29 18:04:18,261 [Worker-149] WARN  o.e.m.c.i.embedder.EclipseLogger - Using platform encoding (Cp1252 actually) to copy filtered resources, i.e. build is platform dependent!
2016-09-29 18:04:18,312 [Worker-149] INFO  o.e.m.c.i.embedder.EclipseLogger - Copying 1 resource
2016-09-29 18:04:18,333 [Worker-149] WARN  o.e.m.c.i.embedder.EclipseLogger - Using platform encoding (Cp1252 actually) to copy filtered resources, i.e. build is platform dependent!
2016-09-29 18:04:18,335 [Worker-149] INFO  o.e.m.c.i.embedder.EclipseLogger - Copying 1 resource
2016-09-29 18:04:18,474 [Worker-138] INFO  o.e.m.j.i.AbstractJavaProjectConfigurator - Adding source folder /UilianRies-BancoDados.zip_expanded/src/main/java
2016-09-29 18:04:18,508 [Worker-138] INFO  o.e.m.j.i.AbstractJavaProjectConfigurator - Adding resource folder /UilianRies-BancoDados.zip_expanded/src/main/resources
2016-09-29 18:04:18,545 [Worker-138] INFO  o.e.m.j.i.AbstractJavaProjectConfigurator - Adding source folder /UilianRies-BancoDados.zip_expanded/src/test/java
2016-09-29 18:04:18,545 [Worker-138] INFO  o.e.m.j.i.AbstractJavaProjectConfigurator - Adding resource folder /UilianRies-BancoDados.zip_expanded/src/test/resources
2016-09-29 18:04:19,108 [Worker-138] INFO  o.e.m.c.i.p.ProjectConfigurationManager - Update completed: 274 sec
2016-09-29 18:04:19,651 [Worker-144] WARN  o.e.m.c.i.embedder.EclipseLogger - Using platform encoding (Cp1252 actually) to copy filtered resources, i.e. build is platform dependent!
2016-09-29 18:04:19,699 [Worker-144] INFO  o.e.m.c.i.embedder.EclipseLogger - Copying 1 resource
2016-09-29 18:04:19,707 [Worker-144] WARN  o.e.m.c.i.embedder.EclipseLogger - Using platform encoding (Cp1252 actually) to copy filtered resources, i.e. build is platform dependent!
2016-09-29 18:04:19,709 [Worker-144] INFO  o.e.m.c.i.embedder.EclipseLogger - Copying 1 resource
2016-09-30 14:01:01,550 [Worker-9] WARN  o.e.m.c.i.embedder.EclipseLogger - Using platform encoding (Cp1252 actually) to copy filtered resources, i.e. build is platform dependent!
2016-09-30 14:01:01,568 [Worker-9] INFO  o.e.m.c.i.embedder.EclipseLogger - Copying 1 resource
2016-09-30 14:01:01,580 [Worker-9] WARN  o.e.m.c.i.embedder.EclipseLogger - Using platform encoding (Cp1252 actually) to copy filtered resources, i.e. build is platform dependent!
2016-09-30 14:01:01,583 [Worker-9] INFO  o.e.m.c.i.embedder.EclipseLogger - Copying 1 resource
2016-09-30 14:04:12,883 [Worker-13] INFO  o.e.m.c.i.p.ProjectConfigurationManager - Update started
2016-09-30 14:04:14,995 [Worker-13] INFO  o.e.m.c.i.l.LifecycleMappingFactory - Using org.eclipse.m2e.jdt.JarLifecycleMapping lifecycle mapping for MavenProject: com.vitor:usuario-jdbc:0.0.1-SNAPSHOT @ C:\Users\taina\Desktop\usuario-jdbc\pom.xml.
2016-09-30 14:04:21,106 [Worker-13] INFO  o.e.m.c.i.e.AbstractTransferListenerAdapter - Downloading https://repo.maven.apache.org/maven2/org/postgresql/postgresql/9.2-1004-jdbc4/postgresql-9.2-1004-jdbc4.pom
2016-09-30 14:04:21,880 [Worker-13] INFO  o.e.m.c.i.e.AbstractTransferListenerAdapter - Downloaded https://repo.maven.apache.org/maven2/org/postgresql/postgresql/9.2-1004-jdbc4/postgresql-9.2-1004-jdbc4.pom
2016-09-30 14:04:24,128 [Worker-13] INFO  o.e.m.c.i.e.AbstractTransferListenerAdapter - Downloading https://repo.maven.apache.org/maven2/org/dbunit/dbunit/2.5.0/dbunit-2.5.0.pom
2016-09-30 14:04:54,057 [Worker-13] INFO  o.e.m.c.i.e.AbstractTransferListenerAdapter - Downloaded https://repo.maven.apache.org/maven2/org/dbunit/dbunit/2.5.0/dbunit-2.5.0.pom
2016-09-30 14:04:57,407 [Worker-13] INFO  o.e.m.c.i.e.AbstractTransferListenerAdapter - Downloading https://repo.maven.apache.org/maven2/org/sonatype/oss/oss-parent/7/oss-parent-7.pom
2016-09-30 14:04:59,332 [Worker-13] INFO  o.e.m.c.i.e.AbstractTransferListenerAdapter - Downloaded https://repo.maven.apache.org/maven2/org/sonatype/oss/oss-parent/7/oss-parent-7.pom
2016-09-30 14:05:00,030 [Worker-13] INFO  o.e.m.c.i.e.AbstractTransferListenerAdapter - Downloading https://repo.maven.apache.org/maven2/org/slf4j/slf4j-api/1.7.7/slf4j-api-1.7.7.pom
2016-09-30 14:05:00,767 [Worker-13] INFO  o.e.m.c.i.e.AbstractTransferListenerAdapter - Downloaded https://repo.maven.apache.org/maven2/org/slf4j/slf4j-api/1.7.7/slf4j-api-1.7.7.pom
2016-09-30 14:05:01,494 [Worker-13] INFO  o.e.m.c.i.e.AbstractTransferListenerAdapter - Downloading https://repo.maven.apache.org/maven2/org/slf4j/slf4j-parent/1.7.7/slf4j-parent-1.7.7.pom
2016-09-30 14:05:05,954 [Worker-13] INFO  o.e.m.c.i.e.AbstractTransferListenerAdapter - Downloaded https://repo.maven.apache.org/maven2/org/slf4j/slf4j-parent/1.7.7/slf4j-parent-1.7.7.pom
2016-09-30 14:05:11,313 [Worker-13] INFO  o.e.m.c.i.e.AbstractTransferListenerAdapter - Downloading https://repo.maven.apache.org/maven2/junit/junit/4.11/junit-4.11.pom
2016-09-30 14:05:16,653 [Worker-13] INFO  o.e.m.c.i.e.AbstractTransferListenerAdapter - Downloaded https://repo.maven.apache.org/maven2/junit/junit/4.11/junit-4.11.pom
2016-09-30 14:05:17,444 [Worker-13] INFO  o.e.m.c.i.e.AbstractTransferListenerAdapter - Downloading https://repo.maven.apache.org/maven2/org/postgresql/postgresql/9.2-1004-jdbc4/postgresql-9.2-1004-jdbc4.jar
2016-09-30 14:06:25,310 [Worker-13] INFO  o.e.m.c.i.e.AbstractTransferListenerAdapter - Downloaded https://repo.maven.apache.org/maven2/org/postgresql/postgresql/9.2-1004-jdbc4/postgresql-9.2-1004-jdbc4.jar
2016-09-30 14:06:26,049 [Worker-13] INFO  o.e.m.c.i.e.AbstractTransferListenerAdapter - Downloading https://repo.maven.apache.org/maven2/org/dbunit/dbunit/2.5.0/dbunit-2.5.0.jar
2016-09-30 14:07:21,571 [Worker-13] INFO  o.e.m.c.i.e.AbstractTransferListenerAdapter - Downloaded https://repo.maven.apache.org/maven2/org/dbunit/dbunit/2.5.0/dbunit-2.5.0.jar
2016-09-30 14:07:23,662 [Worker-13] INFO  o.e.m.c.i.e.AbstractTransferListenerAdapter - Downloading https://repo.maven.apache.org/maven2/org/slf4j/slf4j-api/1.7.7/slf4j-api-1.7.7.jar
2016-09-30 14:07:30,705 [Worker-13] INFO  o.e.m.c.i.e.AbstractTransferListenerAdapter - Downloaded https://repo.maven.apache.org/maven2/org/slf4j/slf4j-api/1.7.7/slf4j-api-1.7.7.jar
2016-09-30 14:07:37,639 [Worker-13] INFO  o.e.m.c.i.p.ProjectConfigurationManager - Update completed: 204 sec
